This file contains any messages produced by compilers while
running configure, to aid debugging if configure makes a mistake.

It was created by voom configure 1.0, which was
generated by GNU Autoconf 2.71.  Invocation command line was

  $ ./configure CXX=g++-12 F77=gfortran-12 'CXXFLAGS=-O2 -L/opt/homebrew/lib/' F77FLAGS=-O2 'CPPFLAGS=-I/opt/homebrew/include/eigen3/ -I/opt/homebrew/include/ -L/opt/homebrew/lib/'

## --------- ##
## Platform. ##
## --------- ##

hostname = sd045-2
uname -m = arm64
uname -r = 20.6.0
uname -s = Darwin
uname -v = Darwin Kernel Version 20.6.0: Mon Aug 30 06:12:20 PDT 2021; root:xnu-7195.141.6~3/RELEASE_ARM64_T8101

/usr/bin/uname -p = arm
/bin/uname -X     = unknown

/bin/arch              = unknown
/usr/bin/arch -k       = unknown
/usr/convex/getsysinfo = unknown
/usr/bin/hostinfo      = Mach kernel version:
	 Darwin Kernel Version 20.6.0: Mon Aug 30 06:12:20 PDT 2021; root:xnu-7195.141.6~3/RELEASE_ARM64_T8101
Kernel configured for up to 8 processors.
8 processors are physically available.
8 processors are logically available.
Processor type: arm64e (ARM64E)
Processors active: 0 1 2 3 4 5 6 7
Primary memory available: 16.00 gigabytes
Default processor set: 528 tasks, 3901 threads, 8 processors
Load average: 3.20, Mach factor: 5.28
/bin/machine           = unknown
/usr/bin/oslevel       = unknown
/bin/universe          = unknown

PATH: /opt/homebrew/bin/
PATH: /Users/sanjay/.local/bin/
PATH: /usr/local/bin/
PATH: /sw/sbin/
PATH: /usr/bin/
PATH: /bin/
PATH: /usr/sbin/
PATH: /sbin/
PATH: /usr/local/bin/
PATH: /usr/X11/bin/
PATH: /usr/X11R6/bin/
PATH: /usr/bin/
PATH: /bin/
PATH: /usr/sbin/
PATH: /sbin/
PATH: /usr/local/CrossPack-AVR/bin/
PATH: /sw/bin/


## ----------- ##
## Core tests. ##
## ----------- ##

configure:2414: looking for aux files: compile missing install-sh
configure:2427:  trying ./
configure:2456:   ./compile found
configure:2456:   ./missing found
configure:2438:   ./install-sh found
configure:2585: checking for a BSD-compatible install
configure:2658: result: /usr/bin/install -c
configure:2669: checking whether build environment is sane
configure:2724: result: yes
configure:2883: checking for a race-free mkdir -p
configure:2927: result: ./install-sh -c -d
configure:2934: checking for gawk
configure:2969: result: no
configure:2934: checking for mawk
configure:2969: result: no
configure:2934: checking for nawk
configure:2969: result: no
configure:2934: checking for awk
configure:2955: found /usr/bin/awk
configure:2966: result: awk
configure:2977: checking whether make sets $(MAKE)
configure:3000: result: yes
configure:3030: checking whether make supports nested variables
configure:3048: result: yes
configure:3237: checking for ranlib
configure:3258: found /usr/bin/ranlib
configure:3269: result: ranlib
configure:3358: checking for gcc
configure:3379: found /usr/bin/gcc
configure:3390: result: gcc
configure:3743: checking for C compiler version
configure:3752: gcc --version >&5
Apple clang version 13.0.0 (clang-1300.0.29.3)
Target: arm64-apple-darwin20.6.0
Thread model: posix
InstalledDir: /Library/Developer/CommandLineTools/usr/bin
Configured with: --prefix=/Library/Developer/CommandLineTools/usr --with-gxx-include-dir=/Library/Developer/CommandLineTools/SDKs/MacOSX.sdk/usr/include/c++/4.2.1
configure:3763: $? = 0
configure:3752: gcc -v >&5
Configured with: --prefix=/Library/Developer/CommandLineTools/usr --with-gxx-include-dir=/Library/Developer/CommandLineTools/SDKs/MacOSX.sdk/usr/include/c++/4.2.1
Apple clang version 13.0.0 (clang-1300.0.29.3)
Target: arm64-apple-darwin20.6.0
Thread model: posix
InstalledDir: /Library/Developer/CommandLineTools/usr/bin
configure:3763: $? = 0
configure:3752: gcc -V >&5
clang: error: argument to '-V' is missing (expected 1 value)
clang: error: no input files
configure:3763: $? = 1
configure:3752: gcc -qversion >&5
clang: error: unknown argument '-qversion'; did you mean '--version'?
clang: error: no input files
configure:3763: $? = 1
configure:3752: gcc -version >&5
clang: error: unknown argument '-version'; did you mean '--version'?
clang: error: no input files
configure:3763: $? = 1
configure:3783: checking whether the C compiler works
configure:3805: gcc  -I/opt/homebrew/include/eigen3/ -I/opt/homebrew/include/ -L/opt/homebrew/lib/  conftest.c  >&5
configure:3809: $? = 0
configure:3859: result: yes
configure:3862: checking for C compiler default output file name
configure:3864: result: a.out
configure:3870: checking for suffix of executables
configure:3877: gcc -o conftest  -I/opt/homebrew/include/eigen3/ -I/opt/homebrew/include/ -L/opt/homebrew/lib/  conftest.c  >&5
configure:3881: $? = 0
configure:3904: result: 
configure:3926: checking whether we are cross compiling
configure:3934: gcc -o conftest  -I/opt/homebrew/include/eigen3/ -I/opt/homebrew/include/ -L/opt/homebrew/lib/  conftest.c  >&5
configure:3938: $? = 0
configure:3945: ./conftest
configure:3949: $? = 0
configure:3964: result: no
configure:3969: checking for suffix of object files
configure:3992: gcc -c  -I/opt/homebrew/include/eigen3/ -I/opt/homebrew/include/ -L/opt/homebrew/lib/ conftest.c >&5
clang: warning: argument unused during compilation: '-L/opt/homebrew/lib/' [-Wunused-command-line-argument]
configure:3996: $? = 0
configure:4018: result: o
configure:4022: checking whether the compiler supports GNU C
configure:4042: gcc -c  -I/opt/homebrew/include/eigen3/ -I/opt/homebrew/include/ -L/opt/homebrew/lib/ conftest.c >&5
clang: warning: argument unused during compilation: '-L/opt/homebrew/lib/' [-Wunused-command-line-argument]
configure:4042: $? = 0
configure:4052: result: yes
configure:4063: checking whether gcc accepts -g
configure:4084: gcc -c -g -I/opt/homebrew/include/eigen3/ -I/opt/homebrew/include/ -L/opt/homebrew/lib/ conftest.c >&5
clang: warning: argument unused during compilation: '-L/opt/homebrew/lib/' [-Wunused-command-line-argument]
configure:4084: $? = 0
configure: failed program was:
| /* confdefs.h */
| #define PACKAGE_NAME "voom"
| #define PACKAGE_TARNAME "voom"
| #define PACKAGE_VERSION "1.0"
| #define PACKAGE_STRING "voom 1.0"
| #define PACKAGE_BUGREPORT "klug@ucla.edu"
| #define PACKAGE_URL ""
| #define PACKAGE "voom"
| #define VERSION "1.0"
| /* end confdefs.h.  */
| 
| int
| main (void)
| {
| 
|   ;
|   return 0;
| }
configure:4100: gcc -c  -I/opt/homebrew/include/eigen3/ -I/opt/homebrew/include/ -L/opt/homebrew/lib/ conftest.c >&5
clang: warning: argument unused during compilation: '-L/opt/homebrew/lib/' [-Wunused-command-line-argument]
configure:4100: $? = 0
configure: failed program was:
| /* confdefs.h */
| #define PACKAGE_NAME "voom"
| #define PACKAGE_TARNAME "voom"
| #define PACKAGE_VERSION "1.0"
| #define PACKAGE_STRING "voom 1.0"
| #define PACKAGE_BUGREPORT "klug@ucla.edu"
| #define PACKAGE_URL ""
| #define PACKAGE "voom"
| #define VERSION "1.0"
| /* end confdefs.h.  */
| 
| int
| main (void)
| {
| 
|   ;
|   return 0;
| }
configure:4117: gcc -c -g -I/opt/homebrew/include/eigen3/ -I/opt/homebrew/include/ -L/opt/homebrew/lib/ conftest.c >&5
clang: warning: argument unused during compilation: '-L/opt/homebrew/lib/' [-Wunused-command-line-argument]
configure:4117: $? = 0
configure:4128: result: yes
configure:4148: checking for gcc option to enable C11 features
configure:4163: gcc  -c -g -O2 -I/opt/homebrew/include/eigen3/ -I/opt/homebrew/include/ -L/opt/homebrew/lib/ conftest.c >&5
clang: warning: argument unused during compilation: '-L/opt/homebrew/lib/' [-Wunused-command-line-argument]
configure:4163: $? = 0
configure:4181: result: none needed
configure:4297: checking whether gcc understands -c and -o together
configure:4320: gcc -c conftest.c -o conftest2.o
configure:4323: $? = 0
configure:4320: gcc -c conftest.c -o conftest2.o
configure:4323: $? = 0
configure:4335: result: yes
configure:4355: checking whether make supports the include directive
configure:4370: make -f confmf.GNU && cat confinc.out
this is the am__doit target
configure:4373: $? = 0
configure:4392: result: yes (GNU style)
configure:4418: checking dependency style of gcc
configure:4530: result: gcc3
configure:4675: checking for C++ compiler version
configure:4684: g++-12 --version >&5
g++-12 (Homebrew GCC 12.2.0) 12.2.0
Copyright (C) 2022 Free Software Foundation, Inc.
This is free software; see the source for copying conditions.  There is NO
warranty; not even for MERCHANTABILITY or FITNESS FOR A PARTICULAR PURPOSE.

configure:4695: $? = 0
configure:4684: g++-12 -v >&5
Using built-in specs.
COLLECT_GCC=g++-12
COLLECT_LTO_WRAPPER=/opt/homebrew/Cellar/gcc/12.2.0/bin/../libexec/gcc/aarch64-apple-darwin20/12/lto-wrapper
Target: aarch64-apple-darwin20
Configured with: ../configure --prefix=/opt/homebrew/opt/gcc --libdir=/opt/homebrew/opt/gcc/lib/gcc/current --disable-nls --enable-checking=release --with-gcc-major-version-only --enable-languages=c,c++,objc,obj-c++,fortran --program-suffix=-12 --with-gmp=/opt/homebrew/opt/gmp --with-mpfr=/opt/homebrew/opt/mpfr --with-mpc=/opt/homebrew/opt/libmpc --with-isl=/opt/homebrew/opt/isl --with-zstd=/opt/homebrew/opt/zstd --with-pkgversion='Homebrew GCC 12.2.0' --with-bugurl=https://github.com/Homebrew/homebrew-core/issues --with-system-zlib --build=aarch64-apple-darwin20 --with-sysroot=/Library/Developer/CommandLineTools/SDKs/MacOSX11.sdk
Thread model: posix
Supported LTO compression algorithms: zlib zstd
gcc version 12.2.0 (Homebrew GCC 12.2.0) 
configure:4695: $? = 0
configure:4684: g++-12 -V >&5
g++-12: error: unrecognized command-line option '-V'
g++-12: fatal error: no input files
compilation terminated.
configure:4695: $? = 1
configure:4684: g++-12 -qversion >&5
g++-12: error: unrecognized command-line option '-qversion'; did you mean '--version'?
g++-12: fatal error: no input files
compilation terminated.
configure:4695: $? = 1
configure:4699: checking whether the compiler supports GNU C++
configure:4719: g++-12 -c -O2 -L/opt/homebrew/lib/ -I/opt/homebrew/include/eigen3/ -I/opt/homebrew/include/ -L/opt/homebrew/lib/ conftest.cpp >&5
configure:4719: $? = 0
configure:4729: result: yes
configure:4740: checking whether g++-12 accepts -g
configure:4761: g++-12 -c -g -I/opt/homebrew/include/eigen3/ -I/opt/homebrew/include/ -L/opt/homebrew/lib/ conftest.cpp >&5
configure:4761: $? = 0
configure:4805: result: yes
configure:4825: checking for g++-12 option to enable C++11 features
configure:4840: g++-12  -c -O2 -L/opt/homebrew/lib/ -I/opt/homebrew/include/eigen3/ -I/opt/homebrew/include/ -L/opt/homebrew/lib/ conftest.cpp >&5
conftest.cpp: In function 'int main(int, char**)':
conftest.cpp:177:25: warning: empty parentheses were disambiguated as a function declaration [-Wvexing-parse]
  177 |   cxx11test::delegate d2();
      |                         ^~
conftest.cpp:177:25: note: remove parentheses to default-initialize a variable
  177 |   cxx11test::delegate d2();
      |                         ^~
      |                         --
conftest.cpp:177:25: note: or replace parentheses with braces to value-initialize a variable
configure:4840: $? = 0
configure:4858: result: none needed
configure:4924: checking dependency style of g++-12
configure:5036: result: gcc3
configure:5177: checking for Fortran 77 compiler version
configure:5186: gfortran-12 --version >&5
GNU Fortran (Homebrew GCC 12.2.0) 12.2.0
Copyright (C) 2022 Free Software Foundation, Inc.
This is free software; see the source for copying conditions.  There is NO
warranty; not even for MERCHANTABILITY or FITNESS FOR A PARTICULAR PURPOSE.

configure:5197: $? = 0
configure:5186: gfortran-12 -v >&5
Using built-in specs.
COLLECT_GCC=gfortran-12
COLLECT_LTO_WRAPPER=/opt/homebrew/Cellar/gcc/12.2.0/bin/../libexec/gcc/aarch64-apple-darwin20/12/lto-wrapper
Target: aarch64-apple-darwin20
Configured with: ../configure --prefix=/opt/homebrew/opt/gcc --libdir=/opt/homebrew/opt/gcc/lib/gcc/current --disable-nls --enable-checking=release --with-gcc-major-version-only --enable-languages=c,c++,objc,obj-c++,fortran --program-suffix=-12 --with-gmp=/opt/homebrew/opt/gmp --with-mpfr=/opt/homebrew/opt/mpfr --with-mpc=/opt/homebrew/opt/libmpc --with-isl=/opt/homebrew/opt/isl --with-zstd=/opt/homebrew/opt/zstd --with-pkgversion='Homebrew GCC 12.2.0' --with-bugurl=https://github.com/Homebrew/homebrew-core/issues --with-system-zlib --build=aarch64-apple-darwin20 --with-sysroot=/Library/Developer/CommandLineTools/SDKs/MacOSX11.sdk
Thread model: posix
Supported LTO compression algorithms: zlib zstd
gcc version 12.2.0 (Homebrew GCC 12.2.0) 
configure:5197: $? = 0
configure:5186: gfortran-12 -V >&5
gfortran-12: error: unrecognized command-line option '-V'
gfortran-12: fatal error: no input files
compilation terminated.
configure:5197: $? = 1
configure:5186: gfortran-12 -qversion >&5
gfortran-12: error: unrecognized command-line option '-qversion'; did you mean '--version'?
gfortran-12: fatal error: no input files
compilation terminated.
configure:5197: $? = 1
configure:5206: checking whether the compiler supports GNU Fortran 77
configure:5220: gfortran-12 -c  conftest.F >&5
configure:5220: $? = 0
configure:5230: result: yes
configure:5238: checking whether gfortran-12 accepts -g
configure:5250: gfortran-12 -c -g conftest.f >&5
configure:5250: $? = 0
configure:5259: result: yes
configure:5294: checking for doxygen
configure:5329: result: no
configure:5338: WARNING: Doxygen not found - continuing without Doxygen
configure:5470: checking that generated files are newer than configure
configure:5476: result: done
configure:5507: creating ./config.status

## ---------------------- ##
## Running config.status. ##
## ---------------------- ##

This file was extended by voom config.status 1.0, which was
generated by GNU Autoconf 2.71.  Invocation command line was

  CONFIG_FILES    = 
  CONFIG_HEADERS  = 
  CONFIG_LINKS    = 
  CONFIG_COMMANDS = 
  $ ./config.status 

on sd045-2

config.status:863: creating Makefile
config.status:863: creating doc/Makefile
config.status:863: creating src/Makefile
config.status:863: creating src/VoomMath/Makefile
config.status:863: creating src/Geometry/Makefile
config.status:863: creating src/HalfEdgeMesh/Makefile
config.status:863: creating src/Mesh/Makefile
config.status:863: creating src/Material/Makefile
config.status:863: creating src/Quadrature/Makefile
config.status:863: creating src/Shape/Makefile
config.status:863: creating src/Element/Makefile
config.status:863: creating src/Model/Makefile
config.status:863: creating src/Solver/Makefile
config.status:863: creating src/Applications/Loop_Memb_Particle/Makefile
config.status:863: creating src/config.h
config.status:1044: src/config.h is unchanged
config.status:1092: executing depfiles commands
config.status:1169: cd src/VoomMath       && sed -e '/# am--include-marker/d' Makefile         | make -f - am--depfiles
make: Nothing to be done for `am--depfiles'.
config.status:1174: $? = 0
config.status:1169: cd src/Geometry       && sed -e '/# am--include-marker/d' Makefile         | make -f - am--depfiles
make: Nothing to be done for `am--depfiles'.
config.status:1174: $? = 0
config.status:1169: cd src/HalfEdgeMesh       && sed -e '/# am--include-marker/d' Makefile         | make -f - am--depfiles
make: Nothing to be done for `am--depfiles'.
config.status:1174: $? = 0
config.status:1169: cd src/Mesh       && sed -e '/# am--include-marker/d' Makefile         | make -f - am--depfiles
make: Nothing to be done for `am--depfiles'.
config.status:1174: $? = 0
config.status:1169: cd src/Material       && sed -e '/# am--include-marker/d' Makefile         | make -f - am--depfiles
make: Nothing to be done for `am--depfiles'.
config.status:1174: $? = 0
config.status:1169: cd src/Quadrature       && sed -e '/# am--include-marker/d' Makefile         | make -f - am--depfiles
make: Nothing to be done for `am--depfiles'.
config.status:1174: $? = 0
config.status:1169: cd src/Shape       && sed -e '/# am--include-marker/d' Makefile         | make -f - am--depfiles
make: Nothing to be done for `am--depfiles'.
config.status:1174: $? = 0
config.status:1169: cd src/Element       && sed -e '/# am--include-marker/d' Makefile         | make -f - am--depfiles
make: Nothing to be done for `am--depfiles'.
config.status:1174: $? = 0
config.status:1169: cd src/Model       && sed -e '/# am--include-marker/d' Makefile         | make -f - am--depfiles
make: Nothing to be done for `am--depfiles'.
config.status:1174: $? = 0
config.status:1169: cd src/Solver       && sed -e '/# am--include-marker/d' Makefile         | make -f - am--depfiles
make: Nothing to be done for `am--depfiles'.
config.status:1174: $? = 0
config.status:1169: cd src/Applications/Loop_Memb_Particle       && sed -e '/# am--include-marker/d' Makefile         | make -f - am--depfiles
make: Nothing to be done for `am--depfiles'.
config.status:1174: $? = 0

## ---------------- ##
## Cache variables. ##
## ---------------- ##

ac_cv_c_compiler_gnu=yes
ac_cv_cxx_compiler_gnu=yes
ac_cv_env_CCC_set=
ac_cv_env_CCC_value=
ac_cv_env_CC_set=
ac_cv_env_CC_value=
ac_cv_env_CFLAGS_set=
ac_cv_env_CFLAGS_value=
ac_cv_env_CPPFLAGS_set=set
ac_cv_env_CPPFLAGS_value='-I/opt/homebrew/include/eigen3/ -I/opt/homebrew/include/ -L/opt/homebrew/lib/'
ac_cv_env_CXXFLAGS_set=set
ac_cv_env_CXXFLAGS_value='-O2 -L/opt/homebrew/lib/'
ac_cv_env_CXX_set=set
ac_cv_env_CXX_value=g++-12
ac_cv_env_F77_set=set
ac_cv_env_F77_value=gfortran-12
ac_cv_env_FFLAGS_set=
ac_cv_env_FFLAGS_value=
ac_cv_env_LDFLAGS_set=
ac_cv_env_LDFLAGS_value=
ac_cv_env_LIBS_set=
ac_cv_env_LIBS_value=
ac_cv_env_build_alias_set=
ac_cv_env_build_alias_value=
ac_cv_env_host_alias_set=
ac_cv_env_host_alias_value=
ac_cv_env_target_alias_set=
ac_cv_env_target_alias_value=
ac_cv_f77_compiler_gnu=yes
ac_cv_objext=o
ac_cv_path_install='/usr/bin/install -c'
ac_cv_prog_AWK=awk
ac_cv_prog_ac_ct_CC=gcc
ac_cv_prog_ac_ct_RANLIB=ranlib
ac_cv_prog_cc_c11=
ac_cv_prog_cc_g=yes
ac_cv_prog_cc_stdc=
ac_cv_prog_cxx_11=no
ac_cv_prog_cxx_cxx11=
ac_cv_prog_cxx_g=yes
ac_cv_prog_cxx_stdcxx=
ac_cv_prog_f77_g=yes
ac_cv_prog_make_make_set=yes
am_cv_CC_dependencies_compiler_type=gcc3
am_cv_CXX_dependencies_compiler_type=gcc3
am_cv_make_support_nested_variables=yes
am_cv_prog_cc_c_o=yes

## ----------------- ##
## Output variables. ##
## ----------------- ##

ACLOCAL='${SHELL} '\''/Users/sanjay/Google Drive/bucknell/research/projects/FEM_shell/code/voom2/missing'\'' aclocal-1.16'
AMDEPBACKSLASH='\'
AMDEP_FALSE='#'
AMDEP_TRUE=''
AMTAR='$${TAR-tar}'
AM_BACKSLASH='\'
AM_DEFAULT_V='$(AM_DEFAULT_VERBOSITY)'
AM_DEFAULT_VERBOSITY='1'
AM_V='$(V)'
AUTOCONF='${SHELL} '\''/Users/sanjay/Google Drive/bucknell/research/projects/FEM_shell/code/voom2/missing'\'' autoconf'
AUTOHEADER='${SHELL} '\''/Users/sanjay/Google Drive/bucknell/research/projects/FEM_shell/code/voom2/missing'\'' autoheader'
AUTOMAKE='${SHELL} '\''/Users/sanjay/Google Drive/bucknell/research/projects/FEM_shell/code/voom2/missing'\'' automake-1.16'
AWK='awk'
CC='gcc'
CCDEPMODE='depmode=gcc3'
CFLAGS='-g -O2'
CPPFLAGS='-I/opt/homebrew/include/eigen3/ -I/opt/homebrew/include/ -L/opt/homebrew/lib/'
CSCOPE='cscope'
CTAGS='ctags'
CXX='g++-12'
CXXDEPMODE='depmode=gcc3'
CXXFLAGS='-O2 -L/opt/homebrew/lib/'
CYGPATH_W='echo'
DEFS='-DHAVE_CONFIG_H'
DEPDIR='.deps'
DOXYGEN=''
ECHO_C='\c'
ECHO_N=''
ECHO_T=''
ETAGS='etags'
EXEEXT=''
F77='gfortran-12'
FFLAGS='-g -O2'
HAVE_DOXYGEN_FALSE=''
HAVE_DOXYGEN_TRUE='#'
INSTALL_DATA='${INSTALL} -m 644'
INSTALL_PROGRAM='${INSTALL}'
INSTALL_SCRIPT='${INSTALL}'
INSTALL_STRIP_PROGRAM='$(install_sh) -c -s'
LDFLAGS=''
LIBOBJS=''
LIBS=''
LTLIBOBJS=''
MAKEINFO='${SHELL} '\''/Users/sanjay/Google Drive/bucknell/research/projects/FEM_shell/code/voom2/missing'\'' makeinfo'
MKDIR_P='./install-sh -c -d'
OBJEXT='o'
PACKAGE='voom'
PACKAGE_BUGREPORT='klug@ucla.edu'
PACKAGE_NAME='voom'
PACKAGE_STRING='voom 1.0'
PACKAGE_TARNAME='voom'
PACKAGE_URL=''
PACKAGE_VERSION='1.0'
PATH_SEPARATOR=':'
RANLIB='ranlib'
SET_MAKE=''
SHELL='/bin/sh'
STRIP=''
VERSION='1.0'
ac_ct_CC='gcc'
ac_ct_CXX=''
ac_ct_F77=''
am__EXEEXT_FALSE=''
am__EXEEXT_TRUE='#'
am__fastdepCC_FALSE='#'
am__fastdepCC_TRUE=''
am__fastdepCXX_FALSE='#'
am__fastdepCXX_TRUE=''
am__include='include'
am__isrc=''
am__leading_dot='.'
am__nodep='_no'
am__quote=''
am__tar='$${TAR-tar} chof - "$$tardir"'
am__untar='$${TAR-tar} xf -'
bindir='${exec_prefix}/bin'
build_alias=''
datadir='${datarootdir}'
datarootdir='${prefix}/share'
docdir='${datarootdir}/doc/${PACKAGE_TARNAME}'
dvidir='${docdir}'
exec_prefix='${prefix}'
host_alias=''
htmldir='${docdir}'
includedir='${prefix}/include'
infodir='${datarootdir}/info'
install_sh='${SHELL} '\''/Users/sanjay/Google Drive/bucknell/research/projects/FEM_shell/code/voom2/install-sh'\'''
libdir='${exec_prefix}/lib'
libexecdir='${exec_prefix}/libexec'
localedir='${datarootdir}/locale'
localstatedir='${prefix}/var'
mandir='${datarootdir}/man'
mkdir_p='$(MKDIR_P)'
oldincludedir='/usr/include'
pdfdir='${docdir}'
prefix='/usr/local'
program_transform_name='s,x,x,'
psdir='${docdir}'
runstatedir='${localstatedir}/run'
sbindir='${exec_prefix}/sbin'
sharedstatedir='${prefix}/com'
sysconfdir='${prefix}/etc'
target_alias=''

## ----------- ##
## confdefs.h. ##
## ----------- ##

/* confdefs.h */
#define PACKAGE_NAME "voom"
#define PACKAGE_TARNAME "voom"
#define PACKAGE_VERSION "1.0"
#define PACKAGE_STRING "voom 1.0"
#define PACKAGE_BUGREPORT "klug@ucla.edu"
#define PACKAGE_URL ""
#define PACKAGE "voom"
#define VERSION "1.0"

configure: exit 0
